<?xml version="1.0" encoding="utf-8"?><testsuites name="pytest tests"><testsuite name="pytest" errors="0" failures="0" skipped="0" tests="8" time="73.685" timestamp="2025-06-06T12:40:20.813567+00:00" hostname="github-actions.vm.mmb.pcb.ub.es"><testcase classname="biobb_model.test.unitests.test_model.test_checking_log.TestCheckingLog" name="test_launch" time="43.006" /><testcase classname="biobb_model.test.unitests.test_model.test_fix_altlocs.TestFixAltlocs" name="test_launch" time="3.215" /><testcase classname="biobb_model.test.unitests.test_model.test_fix_amides.TestFixAmides" name="test_launch" time="5.482" /><testcase classname="biobb_model.test.unitests.test_model.test_fix_chirality.TestFixChirality" name="test_launch" time="3.688" /><testcase classname="biobb_model.test.unitests.test_model.test_fix_pdb.TestFixPdb" name="test_launch" time="8.482" /><testcase classname="biobb_model.test.unitests.test_model.test_fix_side_chain.TestFixSideChain" name="test_launch" time="3.531" /><testcase classname="biobb_model.test.unitests.test_model.test_fix_ssbonds.TestFixSSBonds" name="test_launch" time="1.543" /><testcase classname="biobb_model.test.unitests.test_model.test_mutate.TestFixSideChain" name="test_launch" time="3.300" /></testsuite></testsuites>