<?xml version="1.0" encoding="utf-8"?><testsuites><testsuite name="pytest" errors="0" failures="0" skipped="0" tests="8" time="32.680" timestamp="2024-06-12T15:06:24.945814" hostname="biobb-runners"><testcase classname="biobb_model.test.unitests.test_model.test_checking_log.TestCheckingLog" name="test_launch" time="17.961" /><testcase classname="biobb_model.test.unitests.test_model.test_fix_altlocs.TestFixAltlocs" name="test_launch" time="2.454" /><testcase classname="biobb_model.test.unitests.test_model.test_fix_amides.TestFixAmides" name="test_launch" time="2.028" /><testcase classname="biobb_model.test.unitests.test_model.test_fix_chirality.TestFixChirality" name="test_launch" time="1.429" /><testcase classname="biobb_model.test.unitests.test_model.test_fix_pdb.TestFixPdb" name="test_launch" time="4.240" /><testcase classname="biobb_model.test.unitests.test_model.test_fix_side_chain.TestFixSideChain" name="test_launch" time="2.104" /><testcase classname="biobb_model.test.unitests.test_model.test_fix_ssbonds.TestFixSSBonds" name="test_launch" time="0.582" /><testcase classname="biobb_model.test.unitests.test_model.test_mutate.TestFixSideChain" name="test_launch" time="1.274" /></testsuite></testsuites>