<?xml version="1.0" encoding="utf-8"?><testsuites><testsuite name="pytest" errors="0" failures="0" skipped="0" tests="8" time="29.866" timestamp="2024-05-24T08:31:53.499589" hostname="biobb-runners"><testcase classname="biobb_model.test.unitests.test_model.test_checking_log.TestCheckingLog" name="test_launch" time="17.443" /><testcase classname="biobb_model.test.unitests.test_model.test_fix_altlocs.TestFixAltlocs" name="test_launch" time="1.219" /><testcase classname="biobb_model.test.unitests.test_model.test_fix_amides.TestFixAmides" name="test_launch" time="2.024" /><testcase classname="biobb_model.test.unitests.test_model.test_fix_chirality.TestFixChirality" name="test_launch" time="1.457" /><testcase classname="biobb_model.test.unitests.test_model.test_fix_pdb.TestFixPdb" name="test_launch" time="4.107" /><testcase classname="biobb_model.test.unitests.test_model.test_fix_side_chain.TestFixSideChain" name="test_launch" time="1.355" /><testcase classname="biobb_model.test.unitests.test_model.test_fix_ssbonds.TestFixSSBonds" name="test_launch" time="0.513" /><testcase classname="biobb_model.test.unitests.test_model.test_mutate.TestFixSideChain" name="test_launch" time="1.216" /></testsuite></testsuites>