<?xml version="1.0" encoding="utf-8"?><testsuites><testsuite name="pytest" errors="0" failures="0" skipped="0" tests="8" time="31.270" timestamp="2024-05-31T13:38:29.217564" hostname="biobb-runners"><testcase classname="biobb_model.test.unitests.test_model.test_checking_log.TestCheckingLog" name="test_launch" time="18.243" /><testcase classname="biobb_model.test.unitests.test_model.test_fix_altlocs.TestFixAltlocs" name="test_launch" time="1.227" /><testcase classname="biobb_model.test.unitests.test_model.test_fix_amides.TestFixAmides" name="test_launch" time="2.150" /><testcase classname="biobb_model.test.unitests.test_model.test_fix_chirality.TestFixChirality" name="test_launch" time="1.526" /><testcase classname="biobb_model.test.unitests.test_model.test_fix_pdb.TestFixPdb" name="test_launch" time="4.198" /><testcase classname="biobb_model.test.unitests.test_model.test_fix_side_chain.TestFixSideChain" name="test_launch" time="1.410" /><testcase classname="biobb_model.test.unitests.test_model.test_fix_ssbonds.TestFixSSBonds" name="test_launch" time="0.529" /><testcase classname="biobb_model.test.unitests.test_model.test_mutate.TestFixSideChain" name="test_launch" time="1.241" /></testsuite></testsuites>