<?xml version="1.0" encoding="utf-8"?><testsuites><testsuite name="pytest" errors="0" failures="0" skipped="0" tests="8" time="30.630" timestamp="2024-05-24T08:51:37.677043" hostname="biobb-runners"><testcase classname="biobb_model.test.unitests.test_model.test_checking_log.TestCheckingLog" name="test_launch" time="17.809" /><testcase classname="biobb_model.test.unitests.test_model.test_fix_altlocs.TestFixAltlocs" name="test_launch" time="1.170" /><testcase classname="biobb_model.test.unitests.test_model.test_fix_amides.TestFixAmides" name="test_launch" time="1.956" /><testcase classname="biobb_model.test.unitests.test_model.test_fix_chirality.TestFixChirality" name="test_launch" time="1.502" /><testcase classname="biobb_model.test.unitests.test_model.test_fix_pdb.TestFixPdb" name="test_launch" time="4.267" /><testcase classname="biobb_model.test.unitests.test_model.test_fix_side_chain.TestFixSideChain" name="test_launch" time="1.368" /><testcase classname="biobb_model.test.unitests.test_model.test_fix_ssbonds.TestFixSSBonds" name="test_launch" time="0.527" /><testcase classname="biobb_model.test.unitests.test_model.test_mutate.TestFixSideChain" name="test_launch" time="1.401" /></testsuite></testsuites>